2021-10-09 15:23:16.374 - INFO - 4414 - azureml.train.automl._experiment_drivers.driver_utilities.modify_run_configuration:199 - Package azureml-train-automl missing from dependencies file.
2021-10-09 15:23:16.374 - INFO - 4414 - azureml.train.automl._experiment_drivers.driver_utilities.modify_run_configuration:205 - Using pinned version: azureml-train-automl==1.34.0.*
2021-10-09 15:23:16.375 - INFO - 4414 - azureml.train.automl._experiment_drivers.driver_utilities.modify_run_configuration:199 - Package pandas missing from dependencies file.
2021-10-09 15:23:16.375 - INFO - 4414 - azureml.train.automl._experiment_drivers.driver_utilities.modify_run_configuration:205 - Using pinned version: pandas==0.25.1
2021-10-09 15:23:16.376 - INFO - 4414 - azureml.train.automl._experiment_drivers.driver_utilities.modify_run_configuration:199 - Package psutil missing from dependencies file.
2021-10-09 15:23:16.376 - INFO - 4414 - azureml.train.automl._experiment_drivers.driver_utilities.modify_run_configuration:205 - Using pinned version: psutil>5.0.0,<6.0.0
2021-10-09 15:23:16.377 - INFO - 4414 - azureml.train.automl._experiment_drivers.driver_utilities.modify_run_configuration:199 - Package scikit-learn missing from dependencies file.
2021-10-09 15:23:16.377 - INFO - 4414 - azureml.train.automl._experiment_drivers.driver_utilities.modify_run_configuration:205 - Using pinned version: scikit-learn==0.22.1
2021-10-09 15:23:16.378 - INFO - 4414 - azureml.train.automl._experiment_drivers.driver_utilities.modify_run_configuration:199 - Package numpy missing from dependencies file.
2021-10-09 15:23:16.378 - INFO - 4414 - azureml.train.automl._experiment_drivers.driver_utilities.modify_run_configuration:205 - Using pinned version: numpy~=1.18.0
2021-10-09 15:23:16.379 - INFO - 4414 - azureml.train.automl._experiment_drivers.driver_utilities.modify_run_configuration:199 - Package py-xgboost missing from dependencies file.
2021-10-09 15:23:16.379 - INFO - 4414 - azureml.train.automl._experiment_drivers.driver_utilities.modify_run_configuration:205 - Using pinned version: py-xgboost<=0.90
2021-10-09 15:23:16.380 - INFO - 4414 - azureml.train.automl._experiment_drivers.driver_utilities.modify_run_configuration:199 - Package inference-schema missing from dependencies file.
2021-10-09 15:23:16.380 - INFO - 4414 - azureml.train.automl._experiment_drivers.driver_utilities.modify_run_configuration:209 - Using installed version: inference-schema==1.1.0
2021-10-09 15:23:16.381 - INFO - 4414 - azureml.train.automl._experiment_drivers.driver_utilities.modify_run_configuration:199 - Package fbprophet missing from dependencies file.
2021-10-09 15:23:16.381 - INFO - 4414 - azureml.train.automl._experiment_drivers.driver_utilities.modify_run_configuration:205 - Using pinned version: fbprophet==0.5
2021-10-09 15:23:16.381 - INFO - 4414 - azureml.train.automl._experiment_drivers.driver_utilities.modify_run_configuration:199 - Package setuptools-git missing from dependencies file.
2021-10-09 15:23:16.382 - INFO - 4414 - azureml.train.automl._experiment_drivers.driver_utilities.modify_run_configuration:209 - Using installed version: setuptools-git==1.2
2021-10-09 15:23:16.383 - INFO - 4414 - azureml.automl.core.dataset_utilities._save_datasets_to_json:131 - JSON serialization of input of type <class 'NoneType'> is un-supported.
2021-10-09 15:23:16.383 - INFO - 4414 - azureml.automl.core.dataset_utilities._save_datasets_to_json:131 - JSON serialization of input of type <class 'NoneType'> is un-supported.
2021-10-09 15:23:16.385 - INFO - 4414 - azureml.train.automl._experiment_drivers.driver_utilities.validate_input:124 - Start data validation.
2021-10-09 15:23:17.459 - INFO - 4414 - azureml.train.automl._experiment_drivers.driver_utilities.validate_input:137 - Validation service found the data has no errors.
2021-10-09 15:23:17.460 - INFO - 4414 - azureml.train.automl._experiment_drivers.driver_utilities.create_remote_parent_run:381 - Start creating parent run.
2021-10-09 15:23:17.715 - INFO - 4414 - azureml.train.automl._experiment_drivers.driver_utilities.create_remote_parent_run:401 - [ParentRunID:AutoML_090997f8-5f7b-41b0-a753-473c5e067ea6] Remote run using input X and y.
2021-10-09 15:23:18.045 - INFO - 4414 - azureml.train.automl._experiment_drivers.driver_utilities.start_remote_run:336 - Starting a snapshot run (snapshot_id : None)
2021-10-09 15:49:55.679 - INFO - 4941 - azureml.train.automl._experiment_drivers.driver_utilities.modify_run_configuration:199 - Package azureml-train-automl missing from dependencies file.
2021-10-09 15:49:55.737 - INFO - 4941 - azureml.train.automl._experiment_drivers.driver_utilities.modify_run_configuration:205 - Using pinned version: azureml-train-automl==1.34.0.*
2021-10-09 15:49:55.747 - INFO - 4941 - azureml.train.automl._experiment_drivers.driver_utilities.modify_run_configuration:199 - Package pandas missing from dependencies file.
2021-10-09 15:49:55.757 - INFO - 4941 - azureml.train.automl._experiment_drivers.driver_utilities.modify_run_configuration:205 - Using pinned version: pandas==0.25.1
2021-10-09 15:49:55.768 - INFO - 4941 - azureml.train.automl._experiment_drivers.driver_utilities.modify_run_configuration:199 - Package psutil missing from dependencies file.
2021-10-09 15:49:55.775 - INFO - 4941 - azureml.train.automl._experiment_drivers.driver_utilities.modify_run_configuration:205 - Using pinned version: psutil>5.0.0,<6.0.0
2021-10-09 15:49:55.780 - INFO - 4941 - azureml.train.automl._experiment_drivers.driver_utilities.modify_run_configuration:199 - Package scikit-learn missing from dependencies file.
2021-10-09 15:49:55.791 - INFO - 4941 - azureml.train.automl._experiment_drivers.driver_utilities.modify_run_configuration:205 - Using pinned version: scikit-learn==0.22.1
2021-10-09 15:49:55.802 - INFO - 4941 - azureml.train.automl._experiment_drivers.driver_utilities.modify_run_configuration:199 - Package numpy missing from dependencies file.
2021-10-09 15:49:55.811 - INFO - 4941 - azureml.train.automl._experiment_drivers.driver_utilities.modify_run_configuration:205 - Using pinned version: numpy~=1.18.0
2021-10-09 15:49:55.822 - INFO - 4941 - azureml.train.automl._experiment_drivers.driver_utilities.modify_run_configuration:199 - Package py-xgboost missing from dependencies file.
2021-10-09 15:49:55.841 - INFO - 4941 - azureml.train.automl._experiment_drivers.driver_utilities.modify_run_configuration:205 - Using pinned version: py-xgboost<=0.90
2021-10-09 15:49:55.847 - INFO - 4941 - azureml.train.automl._experiment_drivers.driver_utilities.modify_run_configuration:199 - Package inference-schema missing from dependencies file.
2021-10-09 15:49:55.852 - INFO - 4941 - azureml.train.automl._experiment_drivers.driver_utilities.modify_run_configuration:209 - Using installed version: inference-schema==1.1.0
2021-10-09 15:49:55.866 - INFO - 4941 - azureml.train.automl._experiment_drivers.driver_utilities.modify_run_configuration:199 - Package fbprophet missing from dependencies file.
2021-10-09 15:49:55.875 - INFO - 4941 - azureml.train.automl._experiment_drivers.driver_utilities.modify_run_configuration:205 - Using pinned version: fbprophet==0.5
2021-10-09 15:49:55.885 - INFO - 4941 - azureml.train.automl._experiment_drivers.driver_utilities.modify_run_configuration:199 - Package setuptools-git missing from dependencies file.
2021-10-09 15:49:55.895 - INFO - 4941 - azureml.train.automl._experiment_drivers.driver_utilities.modify_run_configuration:209 - Using installed version: setuptools-git==1.2
2021-10-09 15:49:55.902 - INFO - 4941 - azureml.automl.core.dataset_utilities._save_datasets_to_json:131 - JSON serialization of input of type <class 'NoneType'> is un-supported.
2021-10-09 15:49:55.907 - INFO - 4941 - azureml.automl.core.dataset_utilities._save_datasets_to_json:131 - JSON serialization of input of type <class 'NoneType'> is un-supported.
2021-10-09 15:49:55.916 - INFO - 4941 - azureml.train.automl._experiment_drivers.driver_utilities.validate_input:124 - Start data validation.
2021-10-09 15:49:59.676 - INFO - 4941 - azureml.train.automl._experiment_drivers.driver_utilities.validate_input:137 - Validation service found the data has no errors.
2021-10-09 15:49:59.693 - INFO - 4941 - azureml.train.automl._experiment_drivers.driver_utilities.create_remote_parent_run:381 - Start creating parent run.
2021-10-09 15:49:59.984 - INFO - 4941 - azureml.train.automl._experiment_drivers.driver_utilities.create_remote_parent_run:401 - [ParentRunID:AutoML_3412d8a9-85df-4bbf-a2d7-8c37e7f0015d] Remote run using input X and y.
2021-10-09 15:50:00.136 - INFO - 4941 - azureml.train.automl._experiment_drivers.driver_utilities.start_remote_run:336 - Starting a snapshot run (snapshot_id : None)
